2021-04-17 10:17:47.946  INFO 15920 --- [main] edu.hust.HUSTServerApplication           : Starting HUSTServerApplication on Linhnguyen with PID 15920 (F:\MTA\Ky10\DoAnTotNghiep\Core\MTA-DATN\HUST-do-an\target\classes started by LINH ASUS in F:\MTA\Ky10\DoAnTotNghiep\Core\MTA-DATN\HUST-do-an)
2021-04-17 10:17:47.957  INFO 15920 --- [main] edu.hust.HUSTServerApplication           : No active profile set, falling back to default profiles: default
2021-04-17 10:17:52.317  INFO 15920 --- [main] .s.d.r.c.RepositoryConfigurationDelegate : Bootstrapping Spring Data repositories in DEFAULT mode.
2021-04-17 10:17:53.020  INFO 15920 --- [main] .s.d.r.c.RepositoryConfigurationDelegate : Finished Spring Data repository scanning in 658ms. Found 9 repository interfaces.
2021-04-17 10:17:54.884  INFO 15920 --- [main] trationDelegate$BeanPostProcessorChecker : Bean 'org.springframework.transaction.annotation.ProxyTransactionManagementConfiguration' of type [org.springframework.transaction.annotation.ProxyTransactionManagementConfiguration$$EnhancerBySpringCGLIB$$9dd2c240] is not eligible for getting processed by all BeanPostProcessors (for example: not eligible for auto-proxying)
2021-04-17 10:17:57.897  INFO 15920 --- [main] o.s.b.w.embedded.tomcat.TomcatWebServer  : Tomcat initialized with port(s): 8080 (http)
2021-04-17 10:17:57.982  INFO 15920 --- [main] o.apache.catalina.core.StandardService   : Starting service [Tomcat]
2021-04-17 10:17:57.983  INFO 15920 --- [main] org.apache.catalina.core.StandardEngine  : Starting Servlet engine: [Apache Tomcat/9.0.16]
2021-04-17 10:17:58.007  INFO 15920 --- [main] o.a.catalina.core.AprLifecycleListener   : The APR based Apache Tomcat Native library which allows optimal performance in production environments was not found on the java.library.path: [C:\Program Files\Java\jdk-13.0.1\bin;C:\WINDOWS\Sun\Java\bin;C:\WINDOWS\system32;C:\WINDOWS;C:\WINDOWS\system32;C:\WINDOWS;C:\WINDOWS\System32\Wbem;C:\WINDOWS\System32\WindowsPowerShell\v1.0\;C:\WINDOWS\System32\OpenSSH\;C:\Program Files\dotnet\;C:\Program Files\Microsoft SQL Server\Client SDK\ODBC\110\Tools\Binn\;C:\Program Files\Git\cmd;F:\New folder\Ky9\DGANM\sonar-scanner-4.4.0.2170-windows\bin;C:\Program Files (x86)\Microsoft Visual Studio\2017\Community\MSBuild\15.0\Bin\;F:\New folder\Ky9\DGANM\sonar-scanner-msbuild-4.10.0.19059-net46;C:\Program Files\apache-maven-3.6.3\bin;C:\Program Files\Microsoft SQL Server\Client SDK\ODBC\170\Tools\Binn\;C:\Program Files\nodejs\;C:\Users\LINH ASUS\Android\Sdk\platform-tools;C:\Users\LINH ASUS\.jdks\adopt-openj9-11.0.10\bin;C:\Program Files\MySQL\MySQL Shell 8.0\bin\;C:\Users\LINH ASUS\AppData\Local\Microsoft\WindowsApps;C:\Program Files\JetBrains\IntelliJ IDEA Community Edition 2020.2.1\bin;C:\Users\LINH ASUS\AppData\Local\Programs\Fiddler;C:\Users\LINH ASUS\.dotnet\tools;C:\Users\LINH ASUS\AppData\Roaming\npm;C:\Users\LINH ASUS\AppData\Local\Microsoft\WindowsApps;C:\Users\LINH ASUS\AppData\Local\Android\Sdk\platform-tools;F:\chromedriver;C:\Users\LINH ASUS\AppData\Local\Programs\Microsoft VS Code\bin;;.]
2021-04-17 10:17:58.830  INFO 15920 --- [main] o.a.c.c.C.[Tomcat].[localhost].[/]       : Initializing Spring embedded WebApplicationContext
2021-04-17 10:17:58.831 DEBUG 15920 --- [main] o.s.web.context.ContextLoader            : Published root WebApplicationContext as ServletContext attribute with name [org.springframework.web.context.WebApplicationContext.ROOT]
2021-04-17 10:17:58.831  INFO 15920 --- [main] o.s.web.context.ContextLoader            : Root WebApplicationContext: initialization completed in 10691 ms
2021-04-17 10:17:59.867  INFO 15920 --- [main] com.zaxxer.hikari.HikariDataSource       : HikariPool-1 - Starting...
2021-04-17 10:18:00.209  INFO 15920 --- [main] com.zaxxer.hikari.HikariDataSource       : HikariPool-1 - Start completed.
2021-04-17 10:18:00.474  INFO 15920 --- [main] o.hibernate.jpa.internal.util.LogHelper  : HHH000204: Processing PersistenceUnitInfo [
	name: default
	...]
2021-04-17 10:18:00.873  INFO 15920 --- [main] org.hibernate.Version                    : HHH000412: Hibernate Core {5.3.7.Final}
2021-04-17 10:18:00.877  INFO 15920 --- [main] org.hibernate.cfg.Environment            : HHH000206: hibernate.properties not found
2021-04-17 10:18:01.333  INFO 15920 --- [main] o.hibernate.annotations.common.Version   : HCANN000001: Hibernate Commons Annotations {5.0.4.Final}
2021-04-17 10:18:02.221  INFO 15920 --- [main] org.hibernate.dialect.Dialect            : HHH000400: Using dialect: org.hibernate.dialect.MySQL5InnoDBDialect
2021-04-17 10:18:03.906  INFO 15920 --- [main] j.LocalContainerEntityManagerFactoryBean : Initialized JPA EntityManagerFactory for persistence unit 'default'
2021-04-17 10:18:04.975  INFO 15920 --- [main] o.h.h.i.QueryTranslatorFactoryInitiator  : HHH000397: Using ASTQueryTranslatorFactory
2021-04-17 10:18:06.821 DEBUG 15920 --- [main] o.s.w.s.handler.SimpleUrlHandlerMapping  : Patterns [/**/favicon.ico] in 'faviconHandlerMapping'
2021-04-17 10:18:07.059 DEBUG 15920 --- [main] s.w.s.m.m.a.RequestMappingHandlerMapping : 67 mappings in 'requestMappingHandlerMapping'
2021-04-17 10:18:07.168 DEBUG 15920 --- [main] o.s.w.s.handler.SimpleUrlHandlerMapping  : Patterns [/webjars/**, /**, /**/swagger-ui/**] in 'resourceHandlerMapping'
2021-04-17 10:18:07.239  INFO 15920 --- [main] o.s.s.web.DefaultSecurityFilterChain     : Creating filter chain: any request, [org.springframework.security.web.context.request.async.WebAsyncManagerIntegrationFilter@1cc42abe, org.springframework.security.web.context.SecurityContextPersistenceFilter@2526d5f9, org.springframework.security.web.header.HeaderWriterFilter@7f958d4a, org.springframework.web.filter.CorsFilter@6f071d0c, org.springframework.security.web.authentication.logout.LogoutFilter@63e648a0, org.springframework.security.web.savedrequest.RequestCacheAwareFilter@459df48d, org.springframework.security.web.servletapi.SecurityContextHolderAwareRequestFilter@4f5bfbca, org.springframework.security.web.authentication.AnonymousAuthenticationFilter@138d978e, org.springframework.security.web.session.SessionManagementFilter@4e4c05a0, org.springframework.security.web.access.ExceptionTranslationFilter@3c34c491, org.springframework.security.web.access.intercept.FilterSecurityInterceptor@3f2169e9]
2021-04-17 10:18:07.509  INFO 15920 --- [main] o.s.s.concurrent.ThreadPoolTaskExecutor  : Initializing ExecutorService 'applicationTaskExecutor'
2021-04-17 10:18:07.534 DEBUG 15920 --- [main] s.w.s.m.m.a.RequestMappingHandlerAdapter : ControllerAdvice beans: 0 @ModelAttribute, 0 @InitBinder, 1 RequestBodyAdvice, 1 ResponseBodyAdvice
2021-04-17 10:18:07.666 DEBUG 15920 --- [main] .m.m.a.ExceptionHandlerExceptionResolver : ControllerAdvice beans: 0 @ExceptionHandler, 1 ResponseBodyAdvice
2021-04-17 10:18:08.534  INFO 15920 --- [main] o.s.s.c.ThreadPoolTaskScheduler          : Initializing ExecutorService 'taskScheduler'
2021-04-17 10:18:11.969  INFO 15920 --- [main] o.s.b.w.embedded.tomcat.TomcatWebServer  : Tomcat started on port(s): 8080 (http) with context path ''
2021-04-17 10:18:11.984  INFO 15920 --- [main] edu.hust.HUSTServerApplication           : Started HUSTServerApplication in 25.434 seconds (JVM running for 28.981)
2021-04-17 10:18:39.010  INFO 15920 --- [http-nio-8080-exec-1] o.a.c.c.C.[Tomcat].[localhost].[/]       : Initializing Spring DispatcherServlet 'dispatcherServlet'
2021-04-17 10:18:39.011  INFO 15920 --- [http-nio-8080-exec-1] o.s.web.servlet.DispatcherServlet        : Initializing Servlet 'dispatcherServlet'
2021-04-17 10:18:39.012 DEBUG 15920 --- [http-nio-8080-exec-1] o.s.web.servlet.DispatcherServlet        : Detected StandardServletMultipartResolver
2021-04-17 10:18:39.048 DEBUG 15920 --- [http-nio-8080-exec-1] o.s.web.servlet.DispatcherServlet        : enableLoggingRequestDetails='false': request parameters and headers will be masked to prevent unsafe logging of potentially sensitive data
2021-04-17 10:18:39.048  INFO 15920 --- [http-nio-8080-exec-1] o.s.web.servlet.DispatcherServlet        : Completed initialization in 37 ms
2021-04-17 10:18:39.146 DEBUG 15920 --- [http-nio-8080-exec-1] o.s.web.servlet.DispatcherServlet        : GET "/swagger-ui.html", parameters={}
2021-04-17 10:18:39.158 DEBUG 15920 --- [http-nio-8080-exec-1] s.w.s.m.m.a.RequestMappingHandlerMapping : Mapped to public java.lang.String org.springdoc.ui.SwaggerWelcome.redirectToUi(javax.servlet.http.HttpServletRequest)
2021-04-17 10:18:39.265 DEBUG 15920 --- [http-nio-8080-exec-1] o.s.web.servlet.view.RedirectView        : View name 'redirect:', model {}
2021-04-17 10:18:39.267 DEBUG 15920 --- [http-nio-8080-exec-1] o.s.web.servlet.DispatcherServlet        : Completed 302 FOUND
2021-04-17 10:18:39.409 DEBUG 15920 --- [http-nio-8080-exec-2] o.s.web.servlet.DispatcherServlet        : GET "/swagger-ui/index.html?configUrl=/v3/api-docs/swagger-config", parameters={masked}
2021-04-17 10:18:39.436 DEBUG 15920 --- [http-nio-8080-exec-2] o.s.w.s.handler.SimpleUrlHandlerMapping  : Mapped to ResourceHttpRequestHandler ["classpath:/META-INF/resources/webjars/"]
2021-04-17 10:18:39.467 DEBUG 15920 --- [http-nio-8080-exec-2] o.s.web.servlet.DispatcherServlet        : Completed 200 OK
2021-04-17 10:18:39.782 DEBUG 15920 --- [http-nio-8080-exec-3] o.s.web.servlet.DispatcherServlet        : GET "/swagger-ui/swagger-ui.css", parameters={}
2021-04-17 10:18:39.790 DEBUG 15920 --- [http-nio-8080-exec-4] o.s.web.servlet.DispatcherServlet        : GET "/swagger-ui/swagger-ui-bundle.js", parameters={}
2021-04-17 10:18:39.796 DEBUG 15920 --- [http-nio-8080-exec-3] o.s.w.s.handler.SimpleUrlHandlerMapping  : Mapped to ResourceHttpRequestHandler ["classpath:/META-INF/resources/webjars/"]
2021-04-17 10:18:39.823 DEBUG 15920 --- [http-nio-8080-exec-4] o.s.w.s.handler.SimpleUrlHandlerMapping  : Mapped to ResourceHttpRequestHandler ["classpath:/META-INF/resources/webjars/"]
2021-04-17 10:18:39.841 DEBUG 15920 --- [http-nio-8080-exec-3] o.s.web.servlet.DispatcherServlet        : Completed 200 OK
2021-04-17 10:18:39.915 DEBUG 15920 --- [http-nio-8080-exec-5] o.s.web.servlet.DispatcherServlet        : GET "/swagger-ui/swagger-ui-standalone-preset.js", parameters={}
2021-04-17 10:18:39.923 DEBUG 15920 --- [http-nio-8080-exec-5] o.s.w.s.handler.SimpleUrlHandlerMapping  : Mapped to ResourceHttpRequestHandler ["classpath:/META-INF/resources/webjars/"]
2021-04-17 10:18:39.965 DEBUG 15920 --- [http-nio-8080-exec-5] o.s.web.servlet.DispatcherServlet        : Completed 200 OK
2021-04-17 10:18:40.115 DEBUG 15920 --- [http-nio-8080-exec-4] o.s.web.servlet.DispatcherServlet        : Completed 200 OK
2021-04-17 10:18:40.580 DEBUG 15920 --- [http-nio-8080-exec-6] o.s.web.servlet.DispatcherServlet        : GET "/v3/api-docs/swagger-config", parameters={}
2021-04-17 10:18:40.581 DEBUG 15920 --- [http-nio-8080-exec-6] s.w.s.m.m.a.RequestMappingHandlerMapping : Mapped to public java.util.Map<java.lang.String, java.lang.Object> org.springdoc.ui.SwaggerWelcome.openapiYaml(javax.servlet.http.HttpServletRequest)
2021-04-17 10:18:40.588 DEBUG 15920 --- [http-nio-8080-exec-7] o.s.web.servlet.DispatcherServlet        : GET "/swagger-ui/favicon-32x32.png", parameters={}
2021-04-17 10:18:40.590 DEBUG 15920 --- [http-nio-8080-exec-6] m.m.a.RequestResponseBodyMethodProcessor : Using 'application/json', given [*/*] and supported [application/json]
2021-04-17 10:18:40.596 DEBUG 15920 --- [http-nio-8080-exec-7] o.s.w.s.handler.SimpleUrlHandlerMapping  : Mapped to ResourceHttpRequestHandler ["classpath:/META-INF/resources/webjars/"]
2021-04-17 10:18:40.617 DEBUG 15920 --- [http-nio-8080-exec-7] o.s.web.servlet.DispatcherServlet        : Completed 200 OK
2021-04-17 10:18:40.627 DEBUG 15920 --- [http-nio-8080-exec-6] m.m.a.RequestResponseBodyMethodProcessor : Writing [{configUrl=/v3/api-docs/swagger-config, oauth2RedirectUrl=http://localhost:8080/swagger-ui/oauth2-re (truncated)...]
2021-04-17 10:18:40.654 DEBUG 15920 --- [http-nio-8080-exec-6] o.s.web.servlet.DispatcherServlet        : Completed 200 OK
2021-04-17 10:18:40.660 DEBUG 15920 --- [http-nio-8080-exec-8] o.s.web.servlet.DispatcherServlet        : GET "/v3/api-docs/swagger-config", parameters={}
2021-04-17 10:18:40.661 DEBUG 15920 --- [http-nio-8080-exec-8] s.w.s.m.m.a.RequestMappingHandlerMapping : Mapped to public java.util.Map<java.lang.String, java.lang.Object> org.springdoc.ui.SwaggerWelcome.openapiYaml(javax.servlet.http.HttpServletRequest)
2021-04-17 10:18:40.662 DEBUG 15920 --- [http-nio-8080-exec-8] m.m.a.RequestResponseBodyMethodProcessor : Using 'application/json', given [*/*] and supported [application/json]
2021-04-17 10:18:40.664 DEBUG 15920 --- [http-nio-8080-exec-8] m.m.a.RequestResponseBodyMethodProcessor : Writing [{configUrl=/v3/api-docs/swagger-config, oauth2RedirectUrl=http://localhost:8080/swagger-ui/oauth2-re (truncated)...]
2021-04-17 10:18:40.668 DEBUG 15920 --- [http-nio-8080-exec-8] o.s.web.servlet.DispatcherServlet        : Completed 200 OK
2021-04-17 10:18:40.713 DEBUG 15920 --- [http-nio-8080-exec-9] o.s.web.servlet.DispatcherServlet        : GET "/v3/api-docs", parameters={}
2021-04-17 10:18:40.717 DEBUG 15920 --- [http-nio-8080-exec-9] s.w.s.m.m.a.RequestMappingHandlerMapping : Mapped to public java.lang.String org.springdoc.api.OpenApiResource.openapiJson(javax.servlet.http.HttpServletRequest,java.lang.String) throws com.fasterxml.jackson.core.JsonProcessingException
2021-04-17 10:18:42.121  INFO 15920 --- [http-nio-8080-exec-9] o.springdoc.api.AbstractOpenApiResource  : Init duration for springdoc-openapi is: 1381 ms
2021-04-17 10:18:42.447 DEBUG 15920 --- [http-nio-8080-exec-9] m.m.a.RequestResponseBodyMethodProcessor : Using 'application/json', given [application/json, */*] and supported [application/json]
2021-04-17 10:18:42.448 DEBUG 15920 --- [http-nio-8080-exec-9] m.m.a.RequestResponseBodyMethodProcessor : Writing ["{"openapi":"3.0.1","info":{"title":"sample application API","description":"rollcall","termsOfServic (truncated)...]
2021-04-17 10:18:42.456 DEBUG 15920 --- [http-nio-8080-exec-9] o.s.web.servlet.DispatcherServlet        : Completed 200 OK
2021-04-17 10:18:42.462 DEBUG 15920 --- [http-nio-8080-exec-10] o.s.web.servlet.DispatcherServlet        : GET "/v3/api-docs", parameters={}
2021-04-17 10:18:42.464 DEBUG 15920 --- [http-nio-8080-exec-10] s.w.s.m.m.a.RequestMappingHandlerMapping : Mapped to public java.lang.String org.springdoc.api.OpenApiResource.openapiJson(javax.servlet.http.HttpServletRequest,java.lang.String) throws com.fasterxml.jackson.core.JsonProcessingException
2021-04-17 10:18:42.500 DEBUG 15920 --- [http-nio-8080-exec-10] m.m.a.RequestResponseBodyMethodProcessor : Using 'application/json', given [application/json, */*] and supported [application/json]
2021-04-17 10:18:42.501 DEBUG 15920 --- [http-nio-8080-exec-10] m.m.a.RequestResponseBodyMethodProcessor : Writing ["{"openapi":"3.0.1","info":{"title":"sample application API","description":"rollcall","termsOfServic (truncated)...]
2021-04-17 10:18:42.506 DEBUG 15920 --- [http-nio-8080-exec-10] o.s.web.servlet.DispatcherServlet        : Completed 200 OK
2021-04-17 10:38:50.725  INFO 4920 --- [main] edu.mta.MTAServerApplication             : Starting MTAServerApplication on Linhnguyen with PID 4920 (F:\MTA\Ky10\DoAnTotNghiep\Core\MTA-DATN\MTA-FINAL-PROJECT\target\classes started by LINH ASUS in F:\MTA\Ky10\DoAnTotNghiep\Core\MTA-DATN\MTA-FINAL-PROJECT)
2021-04-17 10:38:50.732  INFO 4920 --- [main] edu.mta.MTAServerApplication             : No active profile set, falling back to default profiles: default
2021-04-17 10:38:57.184  INFO 4920 --- [main] .s.d.r.c.RepositoryConfigurationDelegate : Bootstrapping Spring Data repositories in DEFAULT mode.
2021-04-17 10:38:57.833  INFO 4920 --- [main] .s.d.r.c.RepositoryConfigurationDelegate : Finished Spring Data repository scanning in 613ms. Found 9 repository interfaces.
2021-04-17 10:38:59.988  INFO 4920 --- [main] trationDelegate$BeanPostProcessorChecker : Bean 'org.springframework.transaction.annotation.ProxyTransactionManagementConfiguration' of type [org.springframework.transaction.annotation.ProxyTransactionManagementConfiguration$$EnhancerBySpringCGLIB$$565bf167] is not eligible for getting processed by all BeanPostProcessors (for example: not eligible for auto-proxying)
2021-04-17 10:39:05.476  INFO 4920 --- [main] o.s.b.w.embedded.tomcat.TomcatWebServer  : Tomcat initialized with port(s): 8080 (http)
2021-04-17 10:39:05.590  INFO 4920 --- [main] o.apache.catalina.core.StandardService   : Starting service [Tomcat]
2021-04-17 10:39:05.591  INFO 4920 --- [main] org.apache.catalina.core.StandardEngine  : Starting Servlet engine: [Apache Tomcat/9.0.16]
2021-04-17 10:39:05.634  INFO 4920 --- [main] o.a.catalina.core.AprLifecycleListener   : The APR based Apache Tomcat Native library which allows optimal performance in production environments was not found on the java.library.path: [C:\Program Files\Java\jdk-13.0.1\bin;C:\WINDOWS\Sun\Java\bin;C:\WINDOWS\system32;C:\WINDOWS;C:\WINDOWS\system32;C:\WINDOWS;C:\WINDOWS\System32\Wbem;C:\WINDOWS\System32\WindowsPowerShell\v1.0\;C:\WINDOWS\System32\OpenSSH\;C:\Program Files\dotnet\;C:\Program Files\Microsoft SQL Server\Client SDK\ODBC\110\Tools\Binn\;C:\Program Files\Git\cmd;F:\New folder\Ky9\DGANM\sonar-scanner-4.4.0.2170-windows\bin;C:\Program Files (x86)\Microsoft Visual Studio\2017\Community\MSBuild\15.0\Bin\;F:\New folder\Ky9\DGANM\sonar-scanner-msbuild-4.10.0.19059-net46;C:\Program Files\apache-maven-3.6.3\bin;C:\Program Files\Microsoft SQL Server\Client SDK\ODBC\170\Tools\Binn\;C:\Program Files\nodejs\;C:\Users\LINH ASUS\Android\Sdk\platform-tools;C:\Users\LINH ASUS\.jdks\adopt-openj9-11.0.10\bin;C:\Program Files\MySQL\MySQL Shell 8.0\bin\;C:\Users\LINH ASUS\AppData\Local\Microsoft\WindowsApps;C:\Program Files\JetBrains\IntelliJ IDEA Community Edition 2020.2.1\bin;C:\Users\LINH ASUS\AppData\Local\Programs\Fiddler;C:\Users\LINH ASUS\.dotnet\tools;C:\Users\LINH ASUS\AppData\Roaming\npm;C:\Users\LINH ASUS\AppData\Local\Microsoft\WindowsApps;C:\Users\LINH ASUS\AppData\Local\Android\Sdk\platform-tools;F:\chromedriver;C:\Users\LINH ASUS\AppData\Local\Programs\Microsoft VS Code\bin;;.]
2021-04-17 10:39:06.744  INFO 4920 --- [main] o.a.c.c.C.[Tomcat].[localhost].[/]       : Initializing Spring embedded WebApplicationContext
2021-04-17 10:39:06.745 DEBUG 4920 --- [main] o.s.web.context.ContextLoader            : Published root WebApplicationContext as ServletContext attribute with name [org.springframework.web.context.WebApplicationContext.ROOT]
2021-04-17 10:39:06.746  INFO 4920 --- [main] o.s.web.context.ContextLoader            : Root WebApplicationContext: initialization completed in 15687 ms
2021-04-17 10:39:07.433  INFO 4920 --- [main] com.zaxxer.hikari.HikariDataSource       : HikariPool-1 - Starting...
2021-04-17 10:39:07.746  INFO 4920 --- [main] com.zaxxer.hikari.HikariDataSource       : HikariPool-1 - Start completed.
2021-04-17 10:39:07.898  INFO 4920 --- [main] o.hibernate.jpa.internal.util.LogHelper  : HHH000204: Processing PersistenceUnitInfo [
	name: default
	...]
2021-04-17 10:39:08.192  INFO 4920 --- [main] org.hibernate.Version                    : HHH000412: Hibernate Core {5.3.7.Final}
2021-04-17 10:39:08.197  INFO 4920 --- [main] org.hibernate.cfg.Environment            : HHH000206: hibernate.properties not found
2021-04-17 10:39:08.568  INFO 4920 --- [main] o.hibernate.annotations.common.Version   : HCANN000001: Hibernate Commons Annotations {5.0.4.Final}
2021-04-17 10:39:09.194  INFO 4920 --- [main] org.hibernate.dialect.Dialect            : HHH000400: Using dialect: org.hibernate.dialect.MySQL5InnoDBDialect
2021-04-17 10:39:11.211  INFO 4920 --- [main] j.LocalContainerEntityManagerFactoryBean : Initialized JPA EntityManagerFactory for persistence unit 'default'
2021-04-17 10:39:12.372  INFO 4920 --- [main] o.h.h.i.QueryTranslatorFactoryInitiator  : HHH000397: Using ASTQueryTranslatorFactory
2021-04-17 10:39:14.289 DEBUG 4920 --- [main] o.s.w.s.handler.SimpleUrlHandlerMapping  : Patterns [/**/favicon.ico] in 'faviconHandlerMapping'
2021-04-17 10:39:14.544 DEBUG 4920 --- [main] s.w.s.m.m.a.RequestMappingHandlerMapping : 67 mappings in 'requestMappingHandlerMapping'
2021-04-17 10:39:14.620 DEBUG 4920 --- [main] o.s.w.s.handler.SimpleUrlHandlerMapping  : Patterns [/webjars/**, /**, /**/swagger-ui/**] in 'resourceHandlerMapping'
2021-04-17 10:39:14.675  INFO 4920 --- [main] o.s.s.web.DefaultSecurityFilterChain     : Creating filter chain: any request, [org.springframework.security.web.context.request.async.WebAsyncManagerIntegrationFilter@7fb1820d, org.springframework.security.web.context.SecurityContextPersistenceFilter@4154ecd3, org.springframework.security.web.header.HeaderWriterFilter@3bd79444, org.springframework.web.filter.CorsFilter@7e27b77a, org.springframework.security.web.authentication.logout.LogoutFilter@7d95a717, org.springframework.security.web.savedrequest.RequestCacheAwareFilter@2a666c8e, org.springframework.security.web.servletapi.SecurityContextHolderAwareRequestFilter@77acc95a, org.springframework.security.web.authentication.AnonymousAuthenticationFilter@6a30f6b1, org.springframework.security.web.session.SessionManagementFilter@72ea6fcb, org.springframework.security.web.access.ExceptionTranslationFilter@42257df7, org.springframework.security.web.access.intercept.FilterSecurityInterceptor@1832b0f6]
2021-04-17 10:39:14.900  INFO 4920 --- [main] o.s.s.concurrent.ThreadPoolTaskExecutor  : Initializing ExecutorService 'applicationTaskExecutor'
2021-04-17 10:39:14.915 DEBUG 4920 --- [main] s.w.s.m.m.a.RequestMappingHandlerAdapter : ControllerAdvice beans: 0 @ModelAttribute, 0 @InitBinder, 1 RequestBodyAdvice, 1 ResponseBodyAdvice
2021-04-17 10:39:15.025 DEBUG 4920 --- [main] .m.m.a.ExceptionHandlerExceptionResolver : ControllerAdvice beans: 0 @ExceptionHandler, 1 ResponseBodyAdvice
2021-04-17 10:39:15.473  INFO 4920 --- [main] o.s.s.c.ThreadPoolTaskScheduler          : Initializing ExecutorService 'taskScheduler'
2021-04-17 10:39:17.178  INFO 4920 --- [main] o.s.b.w.embedded.tomcat.TomcatWebServer  : Tomcat started on port(s): 8080 (http) with context path ''
2021-04-17 10:39:17.187  INFO 4920 --- [main] edu.mta.MTAServerApplication             : Started MTAServerApplication in 31.206 seconds (JVM running for 34.79)
